<?xml version="1.0" encoding="UTF-8"?>
<!-- Generated by org.testng.reporters.JUnitXMLReporter -->
<testsuite hostname="Avanis-MacBook-Pro.local" ignored="0" name="Default test" tests="3" failures="0" timestamp="28 Aug 2020 19:47:18 GMT" time="91.063" errors="0">
  <testcase name="verifyLoginPageTitle" time="0.193" classname="com.acti.testcase.TestLoginPage"/>
  <testcase name="validateLoginFunctionality" time="7.967" classname="com.acti.testcase.TestLoginPage"/>
  <testcase name="veriyActiLogo" time="0.171" classname="com.acti.testcase.TestLoginPage"/>
</testsuite> <!-- Default test -->
