<?xml version="1.0" encoding="UTF-8"?>
<testng-results skipped="0" failed="0" ignored="0" total="3" passed="3">
  <reporter-output>
  </reporter-output>
  <suite name="Default suite" duration-ms="91063" started-at="2020-08-28T19:45:47Z" finished-at="2020-08-28T19:47:18Z">
    <groups>
    </groups>
    <test name="Default test" duration-ms="91063" started-at="2020-08-28T19:45:47Z" finished-at="2020-08-28T19:47:18Z">
      <class name="com.acti.testcase.TestLoginPage">
        <test-method status="PASS" signature="beforeTest()[pri:0, instance:com.acti.testcase.TestLoginPage@6d4b1c02]" name="beforeTest" is-config="true" duration-ms="64410" started-at="2020-08-28T19:45:47Z" finished-at="2020-08-28T19:46:51Z">
          <reporter-output>
          </reporter-output>
        </test-method> <!-- beforeTest -->
        <test-method status="PASS" signature="verifyLoginPageTitle()[pri:0, instance:com.acti.testcase.TestLoginPage@6d4b1c02]" name="verifyLoginPageTitle" duration-ms="193" started-at="2020-08-28T19:46:51Z" finished-at="2020-08-28T19:46:51Z">
          <reporter-output>
          </reporter-output>
        </test-method> <!-- verifyLoginPageTitle -->
        <test-method status="PASS" signature="tearDown()[pri:0, instance:com.acti.testcase.TestLoginPage@6d4b1c02]" name="tearDown" is-config="true" duration-ms="1669" started-at="2020-08-28T19:46:51Z" finished-at="2020-08-28T19:46:53Z">
          <reporter-output>
          </reporter-output>
        </test-method> <!-- tearDown -->
        <test-method status="PASS" signature="beforeTest()[pri:0, instance:com.acti.testcase.TestLoginPage@6d4b1c02]" name="beforeTest" is-config="true" duration-ms="9253" started-at="2020-08-28T19:46:53Z" finished-at="2020-08-28T19:47:02Z">
          <reporter-output>
          </reporter-output>
        </test-method> <!-- beforeTest -->
        <test-method status="PASS" signature="validateLoginFunctionality()[pri:1, instance:com.acti.testcase.TestLoginPage@6d4b1c02]" name="validateLoginFunctionality" duration-ms="7967" started-at="2020-08-28T19:47:02Z" finished-at="2020-08-28T19:47:10Z">
          <reporter-output>
          </reporter-output>
        </test-method> <!-- validateLoginFunctionality -->
        <test-method status="PASS" signature="tearDown()[pri:0, instance:com.acti.testcase.TestLoginPage@6d4b1c02]" name="tearDown" is-config="true" duration-ms="696" started-at="2020-08-28T19:47:10Z" finished-at="2020-08-28T19:47:11Z">
          <reporter-output>
          </reporter-output>
        </test-method> <!-- tearDown -->
        <test-method status="PASS" signature="beforeTest()[pri:0, instance:com.acti.testcase.TestLoginPage@6d4b1c02]" name="beforeTest" is-config="true" duration-ms="6412" started-at="2020-08-28T19:47:11Z" finished-at="2020-08-28T19:47:17Z">
          <reporter-output>
          </reporter-output>
        </test-method> <!-- beforeTest -->
        <test-method status="PASS" signature="veriyActiLogo()[pri:2, instance:com.acti.testcase.TestLoginPage@6d4b1c02]" name="veriyActiLogo" duration-ms="171" started-at="2020-08-28T19:47:17Z" finished-at="2020-08-28T19:47:17Z">
          <reporter-output>
          </reporter-output>
        </test-method> <!-- veriyActiLogo -->
        <test-method status="PASS" signature="tearDown()[pri:0, instance:com.acti.testcase.TestLoginPage@6d4b1c02]" name="tearDown" is-config="true" duration-ms="242" started-at="2020-08-28T19:47:17Z" finished-at="2020-08-28T19:47:18Z">
          <reporter-output>
          </reporter-output>
        </test-method> <!-- tearDown -->
      </class> <!-- com.acti.testcase.TestLoginPage -->
    </test> <!-- Default test -->
  </suite> <!-- Default suite -->
</testng-results>
